<?xml version="1.0" encoding="UTF-8"?>
<!-- Generated by org.testng.reporters.JUnitXMLReporter -->
<testsuite ignored="0" hostname="IP-MTY-AVALOS" failures="0" tests="1" name="Default test" time="1.608" errors="0" timestamp="06 Nov 2021 16:25:29 GMT">
  <testcase classname="com.opensource.admin.qa.TC006_Admin_Search_Employee_POM" name="@BeforeTest beforeTest" time="1.588">
    <failure type="org.openqa.selenium.SessionNotCreatedException" message="session not created: This version of ChromeDriver only supports Chrome version 92
Current browser version is 95.0.4638.69 with binary path C:\Program Files (x86)\Google\Chrome\Application\chrome.exe
Build info: version: &amp;apos;3.141.59&amp;apos;, revision: &amp;apos;e82be7d358&amp;apos;, time: &amp;apos;2018-11-14T08:17:03&amp;apos;
System info: host: &amp;apos;IP-MTY-AVALOS&amp;apos;, ip: &amp;apos;192.168.0.3&amp;apos;, os.name: &amp;apos;Windows 10&amp;apos;, os.arch: &amp;apos;amd64&amp;apos;, os.version: &amp;apos;10.0&amp;apos;, java.version: &amp;apos;11.0.10&amp;apos;
Driver info: driver.version: ChromeDriver
remote stacktrace: Backtrace:
	Ordinal0 [0x00FA5843+2512963]
	Ordinal0 [0x00F3EED1+2092753]
	Ordinal0 [0x00E41F48+1056584]
	Ordinal0 [0x00E601AA+1180074]
	Ordinal0 [0x00E5C0C5+1163461]
	Ordinal0 [0x00E5990F+1153295]
	Ordinal0 [0x00E8994F+1349967]
	Ordinal0 [0x00E895BA+1349050]
	Ordinal0 [0x00E854BB+1332411]
	Ordinal0 [0x00E61D14+1187092]
	Ordinal0 [0x00E62B79+1190777]
	GetHandleVerifier [0x01120C56+1501718]
	GetHandleVerifier [0x011CE97F+2213695]
	GetHandleVerifier [0x01028C92+485970]
	GetHandleVerifier [0x01027D59+482073]
	Ordinal0 [0x00F4471D+2115357]
	Ordinal0 [0x00F48678+2131576]
	Ordinal0 [0x00F487B2+2131890]
	Ordinal0 [0x00F51971+2169201]
	BaseThreadInitThunk [0x7681FA29+25]
	RtlGetAppContainerNamedObjectPath [0x77E47A9E+286]
	RtlGetAppContainerNamedObjectPath [0x77E47A6E+238]
">
      <![CDATA[org.openqa.selenium.SessionNotCreatedException: session not created: This version of ChromeDriver only supports Chrome version 92
Current browser version is 95.0.4638.69 with binary path C:\Program Files (x86)\Google\Chrome\Application\chrome.exe
Build info: version: '3.141.59', revision: 'e82be7d358', time: '2018-11-14T08:17:03'
System info: host: 'IP-MTY-AVALOS', ip: '192.168.0.3', os.name: 'Windows 10', os.arch: 'amd64', os.version: '10.0', java.version: '11.0.10'
Driver info: driver.version: ChromeDriver
remote stacktrace: Backtrace:
Ordinal0 [0x00FA5843+2512963]
Ordinal0 [0x00F3EED1+2092753]
Ordinal0 [0x00E41F48+1056584]
Ordinal0 [0x00E601AA+1180074]
Ordinal0 [0x00E5C0C5+1163461]
Ordinal0 [0x00E5990F+1153295]
Ordinal0 [0x00E8994F+1349967]
Ordinal0 [0x00E895BA+1349050]
Ordinal0 [0x00E854BB+1332411]
Ordinal0 [0x00E61D14+1187092]
Ordinal0 [0x00E62B79+1190777]
GetHandleVerifier [0x01120C56+1501718]
GetHandleVerifier [0x011CE97F+2213695]
GetHandleVerifier [0x01028C92+485970]
GetHandleVerifier [0x01027D59+482073]
Ordinal0 [0x00F4471D+2115357]
Ordinal0 [0x00F48678+2131576]
Ordinal0 [0x00F487B2+2131890]
Ordinal0 [0x00F51971+2169201]
BaseThreadInitThunk [0x7681FA29+25]
RtlGetAppContainerNamedObjectPath [0x77E47A9E+286]
RtlGetAppContainerNamedObjectPath [0x77E47A6E+238]

at java.base/jdk.internal.reflect.NativeConstructorAccessorImpl.newInstance0(Native Method)
at java.base/jdk.internal.reflect.NativeConstructorAccessorImpl.newInstance(NativeConstructorAccessorImpl.java:62)
at java.base/jdk.internal.reflect.DelegatingConstructorAccessorImpl.newInstance(DelegatingConstructorAccessorImpl.java:45)
at java.base/java.lang.reflect.Constructor.newInstance(Constructor.java:490)
at org.openqa.selenium.remote.W3CHandshakeResponse.lambda$errorHandler$0(W3CHandshakeResponse.java:62)
at org.openqa.selenium.remote.HandshakeResponse.lambda$getResponseFunction$0(HandshakeResponse.java:30)
at org.openqa.selenium.remote.ProtocolHandshake.lambda$createSession$0(ProtocolHandshake.java:126)
at java.base/java.util.stream.ReferencePipeline$3$1.accept(ReferencePipeline.java:195)
at java.base/java.util.Spliterators$ArraySpliterator.tryAdvance(Spliterators.java:958)
at java.base/java.util.stream.ReferencePipeline.forEachWithCancel(ReferencePipeline.java:127)
at java.base/java.util.stream.AbstractPipeline.copyIntoWithCancel(AbstractPipeline.java:502)
at java.base/java.util.stream.AbstractPipeline.copyInto(AbstractPipeline.java:488)
at java.base/java.util.stream.AbstractPipeline.wrapAndCopyInto(AbstractPipeline.java:474)
at java.base/java.util.stream.FindOps$FindOp.evaluateSequential(FindOps.java:150)
at java.base/java.util.stream.AbstractPipeline.evaluate(AbstractPipeline.java:234)
at java.base/java.util.stream.ReferencePipeline.findFirst(ReferencePipeline.java:543)
at org.openqa.selenium.remote.ProtocolHandshake.createSession(ProtocolHandshake.java:128)
at org.openqa.selenium.remote.ProtocolHandshake.createSession(ProtocolHandshake.java:74)
at org.openqa.selenium.remote.HttpCommandExecutor.execute(HttpCommandExecutor.java:136)
at org.openqa.selenium.remote.service.DriverCommandExecutor.execute(DriverCommandExecutor.java:83)
at org.openqa.selenium.remote.RemoteWebDriver.execute(RemoteWebDriver.java:552)
at org.openqa.selenium.remote.RemoteWebDriver.startSession(RemoteWebDriver.java:213)
at org.openqa.selenium.remote.RemoteWebDriver.<init>(RemoteWebDriver.java:131)
at org.openqa.selenium.chrome.ChromeDriver.<init>(ChromeDriver.java:181)
at org.openqa.selenium.chrome.ChromeDriver.<init>(ChromeDriver.java:168)
at org.openqa.selenium.chrome.ChromeDriver.<init>(ChromeDriver.java:123)
at com.opensource.base.SeleniumWrapper.chromeDriverConnection(SeleniumWrapper.java:61)
at com.opensource.admin.qa.TC006_Admin_Search_Employee_POM.beforeTest(TC006_Admin_Search_Employee_POM.java:29)
at java.base/jdk.internal.reflect.NativeMethodAccessorImpl.invoke0(Native Method)
at java.base/jdk.internal.reflect.NativeMethodAccessorImpl.invoke(NativeMethodAccessorImpl.java:62)
at java.base/jdk.internal.reflect.DelegatingMethodAccessorImpl.invoke(DelegatingMethodAccessorImpl.java:43)
at java.base/java.lang.reflect.Method.invoke(Method.java:566)
at org.testng.internal.MethodInvocationHelper.invokeMethod(MethodInvocationHelper.java:124)
at org.testng.internal.MethodInvocationHelper.invokeMethodConsideringTimeout(MethodInvocationHelper.java:59)
at org.testng.internal.Invoker.invokeConfigurationMethod(Invoker.java:458)
at org.testng.internal.Invoker.invokeConfigurations(Invoker.java:222)
at org.testng.internal.Invoker.invokeConfigurations(Invoker.java:142)
at org.testng.TestRunner.beforeRun(TestRunner.java:529)
at org.testng.TestRunner.run(TestRunner.java:497)
at org.testng.SuiteRunner.runTest(SuiteRunner.java:455)
at org.testng.SuiteRunner.runSequentially(SuiteRunner.java:450)
at org.testng.SuiteRunner.privateRun(SuiteRunner.java:415)
at org.testng.SuiteRunner.run(SuiteRunner.java:364)
at org.testng.SuiteRunnerWorker.runSuite(SuiteRunnerWorker.java:52)
at org.testng.SuiteRunnerWorker.run(SuiteRunnerWorker.java:84)
at org.testng.TestNG.runSuitesSequentially(TestNG.java:1208)
at org.testng.TestNG.runSuitesLocally(TestNG.java:1137)
at org.testng.TestNG.runSuites(TestNG.java:1049)
at org.testng.TestNG.run(TestNG.java:1017)
at org.testng.remote.AbstractRemoteTestNG.run(AbstractRemoteTestNG.java:115)
at org.testng.remote.RemoteTestNG.initAndRun(RemoteTestNG.java:251)
at org.testng.remote.RemoteTestNG.main(RemoteTestNG.java:77)
]]>
    </failure>
  </testcase> <!-- @BeforeTest beforeTest -->
  <testcase classname="com.opensource.admin.qa.TC006_Admin_Search_Employee_POM" name="@AfterTest afterTest" time="0.0">
    <skipped/>
  </testcase> <!-- @AfterTest afterTest -->
  <testcase classname="com.opensource.admin.qa.TC006_Admin_Search_Employee_POM" name="TC006_Admin_Search_Employee_POM_Script" time="0.0">
    <skipped/>
  </testcase> <!-- TC006_Admin_Search_Employee_POM_Script -->
</testsuite> <!-- Default test -->
