<!DOCTYPE html>

<html>
  <head>
  <meta charset='utf-8'>
  <title>TestNG reports</title>

    <link type="text/css" href="testng-reports.css" rel="stylesheet" />
    <script type="text/javascript" src="jquery-1.7.1.min.js"></script>
    <script type="text/javascript" src="testng-reports.js"></script>
    <script type="text/javascript" src="https://www.google.com/jsapi"></script>
    <script type='text/javascript'>
      google.load('visualization', '1', {packages:['table']});
      google.setOnLoadCallback(drawTable);
      var suiteTableInitFunctions = new Array();
      var suiteTableData = new Array();
    </script>
    <!--
      <script type="text/javascript" src="jquery-ui/js/jquery-ui-1.8.16.custom.min.js"></script>
     -->
  </head>

  <body>
    <div class="top-banner-root">
      <span class="top-banner-title-font">Test results</span>
      <br/>
      <span class="top-banner-font-1">1 suite, 3 failed tests</span>
    </div> <!-- top-banner-root -->
    <div class="navigator-root">
      <div class="navigator-suite-header">
        <span>All suites</span>
        <a href="#" title="Collapse/expand all the suites" class="collapse-all-link">
          <img src="collapseall.gif" class="collapse-all-icon">
          </img> <!-- collapse-all-icon -->
        </a> <!-- collapse-all-link -->
      </div> <!-- navigator-suite-header -->
      <div class="suite">
        <div class="rounded-window">
          <div class="suite-header light-rounded-window-top">
            <a href="#" panel-name="suite-Regression_QA_Cooltesters" class="navigator-link">
              <span class="suite-name border-failed">Regression_QA_Cooltesters</span>
            </a> <!-- navigator-link -->
          </div> <!-- suite-header light-rounded-window-top -->
          <div class="navigator-suite-content">
            <div class="suite-section-title">
              <span>Info</span>
            </div> <!-- suite-section-title -->
            <div class="suite-section-content">
              <ul>
                <li>
                  <a href="#" panel-name="test-xml-Regression_QA_Cooltesters" class="navigator-link ">
                    <span>C:\Users\ravalos\git\web-selenium-course-may\AutomationCooltestersMay\src\test\resources\testsuites\QA_Regression.xml</span>
                  </a> <!-- navigator-link  -->
                </li>
                <li>
                  <a href="#" panel-name="testlist-Regression_QA_Cooltesters" class="navigator-link ">
                    <span class="test-stats">4 tests</span>
                  </a> <!-- navigator-link  -->
                </li>
                <li>
                  <a href="#" panel-name="group-Regression_QA_Cooltesters" class="navigator-link ">
                    <span>0 groups</span>
                  </a> <!-- navigator-link  -->
                </li>
                <li>
                  <a href="#" panel-name="times-Regression_QA_Cooltesters" class="navigator-link ">
                    <span>Times</span>
                  </a> <!-- navigator-link  -->
                </li>
                <li>
                  <a href="#" panel-name="reporter-Regression_QA_Cooltesters" class="navigator-link ">
                    <span>Reporter output</span>
                  </a> <!-- navigator-link  -->
                </li>
                <li>
                  <a href="#" panel-name="ignored-methods-Regression_QA_Cooltesters" class="navigator-link ">
                    <span>Ignored methods</span>
                  </a> <!-- navigator-link  -->
                </li>
                <li>
                  <a href="#" panel-name="chronological-Regression_QA_Cooltesters" class="navigator-link ">
                    <span>Chronological view</span>
                  </a> <!-- navigator-link  -->
                </li>
              </ul>
            </div> <!-- suite-section-content -->
            <div class="result-section">
              <div class="suite-section-title">
                <span>Results</span>
              </div> <!-- suite-section-title -->
              <div class="suite-section-content">
                <ul>
                  <li>
                    <span class="method-stats">4 methods, 3 failed,  1 skipped,  </span>
                  </li>
                  <li>
                    <span class="method-list-title failed">Failed methods</span>
                    <span class="show-or-hide-methods failed">
                      <a href="#" panel-name="suite-Regression_QA_Cooltesters" class="hide-methods failed suite-Regression_QA_Cooltesters"> (hide)</a> <!-- hide-methods failed suite-Regression_QA_Cooltesters -->
                      <a href="#" panel-name="suite-Regression_QA_Cooltesters" class="show-methods failed suite-Regression_QA_Cooltesters"> (show)</a> <!-- show-methods failed suite-Regression_QA_Cooltesters -->
                    </span>
                    <div class="method-list-content failed suite-Regression_QA_Cooltesters">
                      <span>
                        <img src="failed.png" width="3%"/>
                        <a href="#" panel-name="suite-Regression_QA_Cooltesters" title="com.opensource.admin.qa.TC001_Admin_SearchEmployee" class="method navigator-link" hash-for-method="TC001_Admin_SearchEmployee_Script">TC001_Admin_SearchEmployee_Script</a> <!-- method navigator-link -->
                      </span>
                      <br/>
                      <span>
                        <img src="failed.png" width="3%"/>
                        <a href="#" panel-name="suite-Regression_QA_Cooltesters" title="com.opensource.admin.qa.TC003_Admin_AddNewUser" class="method navigator-link" hash-for-method="TC003_Admin_AddNewUser_Script">TC003_Admin_AddNewUser_Script</a> <!-- method navigator-link -->
                      </span>
                      <br/>
                      <span>
                        <img src="failed.png" width="3%"/>
                        <a href="#" panel-name="suite-Regression_QA_Cooltesters" title="com.opensource.admin.qa.TC003_Admin_AddNewUser" class="method navigator-link" hash-for-method="TC003_Admin_AddNewUser_Script">TC003_Admin_AddNewUser_Script</a> <!-- method navigator-link -->
                      </span>
                      <br/>
                    </div> <!-- method-list-content failed suite-Regression_QA_Cooltesters -->
                  </li>
                  <li>
                    <span class="method-list-title skipped">Skipped methods</span>
                    <span class="show-or-hide-methods skipped">
                      <a href="#" panel-name="suite-Regression_QA_Cooltesters" class="hide-methods skipped suite-Regression_QA_Cooltesters"> (hide)</a> <!-- hide-methods skipped suite-Regression_QA_Cooltesters -->
                      <a href="#" panel-name="suite-Regression_QA_Cooltesters" class="show-methods skipped suite-Regression_QA_Cooltesters"> (show)</a> <!-- show-methods skipped suite-Regression_QA_Cooltesters -->
                    </span>
                    <div class="method-list-content skipped suite-Regression_QA_Cooltesters">
                      <span>
                        <img src="skipped.png" width="3%"/>
                        <a href="#" panel-name="suite-Regression_QA_Cooltesters" title="com.opensource.admin.qa.TC006_Admin_Search_Employee_POM" class="method navigator-link" hash-for-method="TC006_Admin_Search_Employee_POM_Script">TC006_Admin_Search_Employee_POM_Script</a> <!-- method navigator-link -->
                      </span>
                      <br/>
                    </div> <!-- method-list-content skipped suite-Regression_QA_Cooltesters -->
                  </li>
                </ul>
              </div> <!-- suite-section-content -->
            </div> <!-- result-section -->
          </div> <!-- navigator-suite-content -->
        </div> <!-- rounded-window -->
      </div> <!-- suite -->
    </div> <!-- navigator-root -->
    <div class="wrapper">
      <div class="main-panel-root">
        <div panel-name="suite-Regression_QA_Cooltesters" class="panel Regression_QA_Cooltesters">
          <div class="suite-Regression_QA_Cooltesters-class-failed">
            <div class="main-panel-header rounded-window-top">
              <img src="failed.png"/>
              <span class="class-name">com.opensource.admin.qa.TC003_Admin_AddNewUser</span>
            </div> <!-- main-panel-header rounded-window-top -->
            <div class="main-panel-content rounded-window-bottom">
              <div class="method">
                <div class="method-content">
                  <a name="TC003_Admin_AddNewUser_Script">
                  </a> <!-- TC003_Admin_AddNewUser_Script -->
                  <span class="method-name">TC003_Admin_AddNewUser_Script</span>
                  <div class="stack-trace">org.openqa.selenium.SessionNotCreatedException: session not created: This version of ChromeDriver only supports Chrome version 92
Current browser version is 95.0.4638.69 with binary path C:\Program Files (x86)\Google\Chrome\Application\chrome.exe
Build info: version: &apos;3.141.59&apos;, revision: &apos;e82be7d358&apos;, time: &apos;2018-11-14T08:17:03&apos;
System info: host: &apos;IP-MTY-AVALOS&apos;, ip: &apos;192.168.0.4&apos;, os.name: &apos;Windows 10&apos;, os.arch: &apos;amd64&apos;, os.version: &apos;10.0&apos;, java.version: &apos;11.0.10&apos;
Driver info: driver.version: ChromeDriver
remote stacktrace: Backtrace:
	Ordinal0 [0x00735843+2512963]
	Ordinal0 [0x006CEED1+2092753]
	Ordinal0 [0x005D1F48+1056584]
	Ordinal0 [0x005F01AA+1180074]
	Ordinal0 [0x005EC0C5+1163461]
	Ordinal0 [0x005E990F+1153295]
	Ordinal0 [0x0061994F+1349967]
	Ordinal0 [0x006195BA+1349050]
	Ordinal0 [0x006154BB+1332411]
	Ordinal0 [0x005F1D14+1187092]
	Ordinal0 [0x005F2B79+1190777]
	GetHandleVerifier [0x008B0C56+1501718]
	GetHandleVerifier [0x0095E97F+2213695]
	GetHandleVerifier [0x007B8C92+485970]
	GetHandleVerifier [0x007B7D59+482073]
	Ordinal0 [0x006D471D+2115357]
	Ordinal0 [0x006D8678+2131576]
	Ordinal0 [0x006D87B2+2131890]
	Ordinal0 [0x006E1971+2169201]
	BaseThreadInitThunk [0x7681FA29+25]
	RtlGetAppContainerNamedObjectPath [0x77E47A9E+286]
	RtlGetAppContainerNamedObjectPath [0x77E47A6E+238]

	at org.openqa.selenium.remote.W3CHandshakeResponse.lambda$errorHandler$0(W3CHandshakeResponse.java:62)
	at org.openqa.selenium.remote.HandshakeResponse.lambda$getResponseFunction$0(HandshakeResponse.java:30)
	at org.openqa.selenium.remote.ProtocolHandshake.lambda$createSession$0(ProtocolHandshake.java:126)
	at java.base/java.util.stream.ReferencePipeline$3$1.accept(ReferencePipeline.java:195)
	at java.base/java.util.Spliterators$ArraySpliterator.tryAdvance(Spliterators.java:958)
	at java.base/java.util.stream.ReferencePipeline.forEachWithCancel(ReferencePipeline.java:127)
	at java.base/java.util.stream.AbstractPipeline.copyIntoWithCancel(AbstractPipeline.java:502)
	at java.base/java.util.stream.AbstractPipeline.copyInto(AbstractPipeline.java:488)
	at java.base/java.util.stream.AbstractPipeline.wrapAndCopyInto(AbstractPipeline.java:474)
	at java.base/java.util.stream.FindOps$FindOp.evaluateSequential(FindOps.java:150)
	at java.base/java.util.stream.AbstractPipeline.evaluate(AbstractPipeline.java:234)
	at java.base/java.util.stream.ReferencePipeline.findFirst(ReferencePipeline.java:543)
	at org.openqa.selenium.remote.ProtocolHandshake.createSession(ProtocolHandshake.java:128)
	at org.openqa.selenium.remote.ProtocolHandshake.createSession(ProtocolHandshake.java:74)
	at org.openqa.selenium.remote.HttpCommandExecutor.execute(HttpCommandExecutor.java:136)
	at org.openqa.selenium.remote.service.DriverCommandExecutor.execute(DriverCommandExecutor.java:83)
	at org.openqa.selenium.remote.RemoteWebDriver.execute(RemoteWebDriver.java:552)
	at org.openqa.selenium.remote.RemoteWebDriver.startSession(RemoteWebDriver.java:213)
	at org.openqa.selenium.remote.RemoteWebDriver.&lt;init&gt;(RemoteWebDriver.java:131)
	at org.openqa.selenium.chrome.ChromeDriver.&lt;init&gt;(ChromeDriver.java:181)
	at org.openqa.selenium.chrome.ChromeDriver.&lt;init&gt;(ChromeDriver.java:168)
	at org.openqa.selenium.chrome.ChromeDriver.&lt;init&gt;(ChromeDriver.java:123)
	at com.opensource.admin.qa.TC003_Admin_AddNewUser.TC003_Admin_AddNewUser_Script(TC003_Admin_AddNewUser.java:36)
	at java.base/java.util.concurrent.FutureTask.run(FutureTask.java:264)
	at java.base/java.util.concurrent.ThreadPoolExecutor.runWorker(ThreadPoolExecutor.java:1128)
	at java.base/java.util.concurrent.ThreadPoolExecutor$Worker.run(ThreadPoolExecutor.java:628)
	at java.base/java.lang.Thread.run(Thread.java:834)
... Removed 20 stack frames
</div> <!-- stack-trace -->
                </div> <!-- method-content -->
              </div> <!-- method -->
              <div class="method">
                <div class="method-content">
                  <a name="TC003_Admin_AddNewUser_Script">
                  </a> <!-- TC003_Admin_AddNewUser_Script -->
                  <span class="method-name">TC003_Admin_AddNewUser_Script</span>
                  <div class="stack-trace">org.openqa.selenium.SessionNotCreatedException: session not created: This version of ChromeDriver only supports Chrome version 92
Current browser version is 95.0.4638.69 with binary path C:\Program Files (x86)\Google\Chrome\Application\chrome.exe
Build info: version: &apos;3.141.59&apos;, revision: &apos;e82be7d358&apos;, time: &apos;2018-11-14T08:17:03&apos;
System info: host: &apos;IP-MTY-AVALOS&apos;, ip: &apos;192.168.0.4&apos;, os.name: &apos;Windows 10&apos;, os.arch: &apos;amd64&apos;, os.version: &apos;10.0&apos;, java.version: &apos;11.0.10&apos;
Driver info: driver.version: ChromeDriver
remote stacktrace: Backtrace:
	Ordinal0 [0x00735843+2512963]
	Ordinal0 [0x006CEED1+2092753]
	Ordinal0 [0x005D1F48+1056584]
	Ordinal0 [0x005F01AA+1180074]
	Ordinal0 [0x005EC0C5+1163461]
	Ordinal0 [0x005E990F+1153295]
	Ordinal0 [0x0061994F+1349967]
	Ordinal0 [0x006195BA+1349050]
	Ordinal0 [0x006154BB+1332411]
	Ordinal0 [0x005F1D14+1187092]
	Ordinal0 [0x005F2B79+1190777]
	GetHandleVerifier [0x008B0C56+1501718]
	GetHandleVerifier [0x0095E97F+2213695]
	GetHandleVerifier [0x007B8C92+485970]
	GetHandleVerifier [0x007B7D59+482073]
	Ordinal0 [0x006D471D+2115357]
	Ordinal0 [0x006D8678+2131576]
	Ordinal0 [0x006D87B2+2131890]
	Ordinal0 [0x006E1971+2169201]
	BaseThreadInitThunk [0x7681FA29+25]
	RtlGetAppContainerNamedObjectPath [0x77E47A9E+286]
	RtlGetAppContainerNamedObjectPath [0x77E47A6E+238]

	at org.openqa.selenium.remote.W3CHandshakeResponse.lambda$errorHandler$0(W3CHandshakeResponse.java:62)
	at org.openqa.selenium.remote.HandshakeResponse.lambda$getResponseFunction$0(HandshakeResponse.java:30)
	at org.openqa.selenium.remote.ProtocolHandshake.lambda$createSession$0(ProtocolHandshake.java:126)
	at java.base/java.util.stream.ReferencePipeline$3$1.accept(ReferencePipeline.java:195)
	at java.base/java.util.Spliterators$ArraySpliterator.tryAdvance(Spliterators.java:958)
	at java.base/java.util.stream.ReferencePipeline.forEachWithCancel(ReferencePipeline.java:127)
	at java.base/java.util.stream.AbstractPipeline.copyIntoWithCancel(AbstractPipeline.java:502)
	at java.base/java.util.stream.AbstractPipeline.copyInto(AbstractPipeline.java:488)
	at java.base/java.util.stream.AbstractPipeline.wrapAndCopyInto(AbstractPipeline.java:474)
	at java.base/java.util.stream.FindOps$FindOp.evaluateSequential(FindOps.java:150)
	at java.base/java.util.stream.AbstractPipeline.evaluate(AbstractPipeline.java:234)
	at java.base/java.util.stream.ReferencePipeline.findFirst(ReferencePipeline.java:543)
	at org.openqa.selenium.remote.ProtocolHandshake.createSession(ProtocolHandshake.java:128)
	at org.openqa.selenium.remote.ProtocolHandshake.createSession(ProtocolHandshake.java:74)
	at org.openqa.selenium.remote.HttpCommandExecutor.execute(HttpCommandExecutor.java:136)
	at org.openqa.selenium.remote.service.DriverCommandExecutor.execute(DriverCommandExecutor.java:83)
	at org.openqa.selenium.remote.RemoteWebDriver.execute(RemoteWebDriver.java:552)
	at org.openqa.selenium.remote.RemoteWebDriver.startSession(RemoteWebDriver.java:213)
	at org.openqa.selenium.remote.RemoteWebDriver.&lt;init&gt;(RemoteWebDriver.java:131)
	at org.openqa.selenium.chrome.ChromeDriver.&lt;init&gt;(ChromeDriver.java:181)
	at org.openqa.selenium.chrome.ChromeDriver.&lt;init&gt;(ChromeDriver.java:168)
	at org.openqa.selenium.chrome.ChromeDriver.&lt;init&gt;(ChromeDriver.java:123)
	at com.opensource.admin.qa.TC003_Admin_AddNewUser.TC003_Admin_AddNewUser_Script(TC003_Admin_AddNewUser.java:36)
	at java.base/java.util.concurrent.FutureTask.run(FutureTask.java:264)
	at java.base/java.util.concurrent.ThreadPoolExecutor.runWorker(ThreadPoolExecutor.java:1128)
	at java.base/java.util.concurrent.ThreadPoolExecutor$Worker.run(ThreadPoolExecutor.java:628)
	at java.base/java.lang.Thread.run(Thread.java:834)
... Removed 20 stack frames
</div> <!-- stack-trace -->
                </div> <!-- method-content -->
              </div> <!-- method -->
            </div> <!-- main-panel-content rounded-window-bottom -->
          </div> <!-- suite-Regression_QA_Cooltesters-class-failed -->
          <div class="suite-Regression_QA_Cooltesters-class-failed">
            <div class="main-panel-header rounded-window-top">
              <img src="failed.png"/>
              <span class="class-name">com.opensource.admin.qa.TC001_Admin_SearchEmployee</span>
            </div> <!-- main-panel-header rounded-window-top -->
            <div class="main-panel-content rounded-window-bottom">
              <div class="method">
                <div class="method-content">
                  <a name="TC001_Admin_SearchEmployee_Script">
                  </a> <!-- TC001_Admin_SearchEmployee_Script -->
                  <span class="method-name">TC001_Admin_SearchEmployee_Script</span>
                  <div class="stack-trace">org.openqa.selenium.SessionNotCreatedException: session not created: This version of ChromeDriver only supports Chrome version 92
Current browser version is 95.0.4638.69 with binary path C:\Program Files (x86)\Google\Chrome\Application\chrome.exe
Build info: version: &apos;3.141.59&apos;, revision: &apos;e82be7d358&apos;, time: &apos;2018-11-14T08:17:03&apos;
System info: host: &apos;IP-MTY-AVALOS&apos;, ip: &apos;192.168.0.4&apos;, os.name: &apos;Windows 10&apos;, os.arch: &apos;amd64&apos;, os.version: &apos;10.0&apos;, java.version: &apos;11.0.10&apos;
Driver info: driver.version: ChromeDriver
remote stacktrace: Backtrace:
	Ordinal0 [0x00735843+2512963]
	Ordinal0 [0x006CEED1+2092753]
	Ordinal0 [0x005D1F48+1056584]
	Ordinal0 [0x005F01AA+1180074]
	Ordinal0 [0x005EC0C5+1163461]
	Ordinal0 [0x005E990F+1153295]
	Ordinal0 [0x0061994F+1349967]
	Ordinal0 [0x006195BA+1349050]
	Ordinal0 [0x006154BB+1332411]
	Ordinal0 [0x005F1D14+1187092]
	Ordinal0 [0x005F2B79+1190777]
	GetHandleVerifier [0x008B0C56+1501718]
	GetHandleVerifier [0x0095E97F+2213695]
	GetHandleVerifier [0x007B8C92+485970]
	GetHandleVerifier [0x007B7D59+482073]
	Ordinal0 [0x006D471D+2115357]
	Ordinal0 [0x006D8678+2131576]
	Ordinal0 [0x006D87B2+2131890]
	Ordinal0 [0x006E1971+2169201]
	BaseThreadInitThunk [0x7681FA29+25]
	RtlGetAppContainerNamedObjectPath [0x77E47A9E+286]
	RtlGetAppContainerNamedObjectPath [0x77E47A6E+238]

	at org.openqa.selenium.remote.W3CHandshakeResponse.lambda$errorHandler$0(W3CHandshakeResponse.java:62)
	at org.openqa.selenium.remote.HandshakeResponse.lambda$getResponseFunction$0(HandshakeResponse.java:30)
	at org.openqa.selenium.remote.ProtocolHandshake.lambda$createSession$0(ProtocolHandshake.java:126)
	at java.base/java.util.stream.ReferencePipeline$3$1.accept(ReferencePipeline.java:195)
	at java.base/java.util.Spliterators$ArraySpliterator.tryAdvance(Spliterators.java:958)
	at java.base/java.util.stream.ReferencePipeline.forEachWithCancel(ReferencePipeline.java:127)
	at java.base/java.util.stream.AbstractPipeline.copyIntoWithCancel(AbstractPipeline.java:502)
	at java.base/java.util.stream.AbstractPipeline.copyInto(AbstractPipeline.java:488)
	at java.base/java.util.stream.AbstractPipeline.wrapAndCopyInto(AbstractPipeline.java:474)
	at java.base/java.util.stream.FindOps$FindOp.evaluateSequential(FindOps.java:150)
	at java.base/java.util.stream.AbstractPipeline.evaluate(AbstractPipeline.java:234)
	at java.base/java.util.stream.ReferencePipeline.findFirst(ReferencePipeline.java:543)
	at org.openqa.selenium.remote.ProtocolHandshake.createSession(ProtocolHandshake.java:128)
	at org.openqa.selenium.remote.ProtocolHandshake.createSession(ProtocolHandshake.java:74)
	at org.openqa.selenium.remote.HttpCommandExecutor.execute(HttpCommandExecutor.java:136)
	at org.openqa.selenium.remote.service.DriverCommandExecutor.execute(DriverCommandExecutor.java:83)
	at org.openqa.selenium.remote.RemoteWebDriver.execute(RemoteWebDriver.java:552)
	at org.openqa.selenium.remote.RemoteWebDriver.startSession(RemoteWebDriver.java:213)
	at org.openqa.selenium.remote.RemoteWebDriver.&lt;init&gt;(RemoteWebDriver.java:131)
	at org.openqa.selenium.chrome.ChromeDriver.&lt;init&gt;(ChromeDriver.java:181)
	at org.openqa.selenium.chrome.ChromeDriver.&lt;init&gt;(ChromeDriver.java:168)
	at org.openqa.selenium.chrome.ChromeDriver.&lt;init&gt;(ChromeDriver.java:123)
	at com.opensource.admin.qa.TC001_Admin_SearchEmployee.TC001_Admin_SearchEmployee_Script(TC001_Admin_SearchEmployee.java:26)
	at java.base/java.util.concurrent.FutureTask.run(FutureTask.java:264)
	at java.base/java.util.concurrent.ThreadPoolExecutor.runWorker(ThreadPoolExecutor.java:1128)
	at java.base/java.util.concurrent.ThreadPoolExecutor$Worker.run(ThreadPoolExecutor.java:628)
	at java.base/java.lang.Thread.run(Thread.java:834)
... Removed 20 stack frames
</div> <!-- stack-trace -->
                </div> <!-- method-content -->
              </div> <!-- method -->
            </div> <!-- main-panel-content rounded-window-bottom -->
          </div> <!-- suite-Regression_QA_Cooltesters-class-failed -->
          <div class="suite-Regression_QA_Cooltesters-class-skipped">
            <div class="main-panel-header rounded-window-top">
              <img src="skipped.png"/>
              <span class="class-name">com.opensource.admin.qa.TC006_Admin_Search_Employee_POM</span>
            </div> <!-- main-panel-header rounded-window-top -->
            <div class="main-panel-content rounded-window-bottom">
              <div class="method">
                <div class="method-content">
                  <a name="TC006_Admin_Search_Employee_POM_Script">
                  </a> <!-- TC006_Admin_Search_Employee_POM_Script -->
                  <span class="method-name">TC006_Admin_Search_Employee_POM_Script</span>
                  <div class="stack-trace">org.openqa.selenium.SessionNotCreatedException: session not created: This version of ChromeDriver only supports Chrome version 92
Current browser version is 95.0.4638.69 with binary path C:\Program Files (x86)\Google\Chrome\Application\chrome.exe
Build info: version: &apos;3.141.59&apos;, revision: &apos;e82be7d358&apos;, time: &apos;2018-11-14T08:17:03&apos;
System info: host: &apos;IP-MTY-AVALOS&apos;, ip: &apos;192.168.0.4&apos;, os.name: &apos;Windows 10&apos;, os.arch: &apos;amd64&apos;, os.version: &apos;10.0&apos;, java.version: &apos;11.0.10&apos;
Driver info: driver.version: ChromeDriver
remote stacktrace: Backtrace:
	Ordinal0 [0x00735843+2512963]
	Ordinal0 [0x006CEED1+2092753]
	Ordinal0 [0x005D1F48+1056584]
	Ordinal0 [0x005F01AA+1180074]
	Ordinal0 [0x005EC0C5+1163461]
	Ordinal0 [0x005E990F+1153295]
	Ordinal0 [0x0061994F+1349967]
	Ordinal0 [0x006195BA+1349050]
	Ordinal0 [0x006154BB+1332411]
	Ordinal0 [0x005F1D14+1187092]
	Ordinal0 [0x005F2B79+1190777]
	GetHandleVerifier [0x008B0C56+1501718]
	GetHandleVerifier [0x0095E97F+2213695]
	GetHandleVerifier [0x007B8C92+485970]
	GetHandleVerifier [0x007B7D59+482073]
	Ordinal0 [0x006D471D+2115357]
	Ordinal0 [0x006D8678+2131576]
	Ordinal0 [0x006D87B2+2131890]
	Ordinal0 [0x006E1971+2169201]
	BaseThreadInitThunk [0x7681FA29+25]
	RtlGetAppContainerNamedObjectPath [0x77E47A9E+286]
	RtlGetAppContainerNamedObjectPath [0x77E47A6E+238]

	at org.openqa.selenium.remote.W3CHandshakeResponse.lambda$errorHandler$0(W3CHandshakeResponse.java:62)
	at org.openqa.selenium.remote.HandshakeResponse.lambda$getResponseFunction$0(HandshakeResponse.java:30)
	at org.openqa.selenium.remote.ProtocolHandshake.lambda$createSession$0(ProtocolHandshake.java:126)
	at java.base/java.util.stream.ReferencePipeline$3$1.accept(ReferencePipeline.java:195)
	at java.base/java.util.Spliterators$ArraySpliterator.tryAdvance(Spliterators.java:958)
	at java.base/java.util.stream.ReferencePipeline.forEachWithCancel(ReferencePipeline.java:127)
	at java.base/java.util.stream.AbstractPipeline.copyIntoWithCancel(AbstractPipeline.java:502)
	at java.base/java.util.stream.AbstractPipeline.copyInto(AbstractPipeline.java:488)
	at java.base/java.util.stream.AbstractPipeline.wrapAndCopyInto(AbstractPipeline.java:474)
	at java.base/java.util.stream.FindOps$FindOp.evaluateSequential(FindOps.java:150)
	at java.base/java.util.stream.AbstractPipeline.evaluate(AbstractPipeline.java:234)
	at java.base/java.util.stream.ReferencePipeline.findFirst(ReferencePipeline.java:543)
	at org.openqa.selenium.remote.ProtocolHandshake.createSession(ProtocolHandshake.java:128)
	at org.openqa.selenium.remote.ProtocolHandshake.createSession(ProtocolHandshake.java:74)
	at org.openqa.selenium.remote.HttpCommandExecutor.execute(HttpCommandExecutor.java:136)
	at org.openqa.selenium.remote.service.DriverCommandExecutor.execute(DriverCommandExecutor.java:83)
	at org.openqa.selenium.remote.RemoteWebDriver.execute(RemoteWebDriver.java:552)
	at org.openqa.selenium.remote.RemoteWebDriver.startSession(RemoteWebDriver.java:213)
	at org.openqa.selenium.remote.RemoteWebDriver.&lt;init&gt;(RemoteWebDriver.java:131)
	at org.openqa.selenium.chrome.ChromeDriver.&lt;init&gt;(ChromeDriver.java:181)
	at org.openqa.selenium.chrome.ChromeDriver.&lt;init&gt;(ChromeDriver.java:168)
	at org.openqa.selenium.chrome.ChromeDriver.&lt;init&gt;(ChromeDriver.java:123)
	at com.opensource.base.SeleniumWrapper.chromeDriverConnection(SeleniumWrapper.java:61)
	at com.opensource.admin.qa.TC006_Admin_Search_Employee_POM.beforeTest(TC006_Admin_Search_Employee_POM.java:29)
	at java.base/java.util.concurrent.FutureTask.run(FutureTask.java:264)
	at java.base/java.util.concurrent.ThreadPoolExecutor.runWorker(ThreadPoolExecutor.java:1128)
	at java.base/java.util.concurrent.ThreadPoolExecutor$Worker.run(ThreadPoolExecutor.java:628)
	at java.base/java.lang.Thread.run(Thread.java:834)
... Removed 19 stack frames
</div> <!-- stack-trace -->
                </div> <!-- method-content -->
              </div> <!-- method -->
            </div> <!-- main-panel-content rounded-window-bottom -->
          </div> <!-- suite-Regression_QA_Cooltesters-class-skipped -->
        </div> <!-- panel Regression_QA_Cooltesters -->
        <div panel-name="test-xml-Regression_QA_Cooltesters" class="panel">
          <div class="main-panel-header rounded-window-top">
            <span class="header-content">C:\Users\ravalos\git\web-selenium-course-may\AutomationCooltestersMay\src\test\resources\testsuites\QA_Regression.xml</span>
          </div> <!-- main-panel-header rounded-window-top -->
          <div class="main-panel-content rounded-window-bottom">
            <pre>
&lt;?xml version=&quot;1.0&quot; encoding=&quot;UTF-8&quot;?&gt;
&lt;!DOCTYPE suite SYSTEM &quot;http://testng.org/testng-1.0.dtd&quot;&gt;
&lt;suite thread-count=&quot;2&quot; parallel=&quot;tests&quot; name=&quot;Regression_QA_Cooltesters&quot; guice-stage=&quot;DEVELOPMENT&quot;&gt;
  &lt;test thread-count=&quot;2&quot; parallel=&quot;tests&quot; name=&quot;TC006_Admin_Search_Employee_POM&quot;&gt;
    &lt;classes&gt;
      &lt;class name=&quot;com.opensource.admin.qa.TC006_Admin_Search_Employee_POM&quot;/&gt;
    &lt;/classes&gt;
  &lt;/test&gt; &lt;!-- TC006_Admin_Search_Employee_POM --&gt;
  &lt;test thread-count=&quot;2&quot; parallel=&quot;tests&quot; name=&quot;TC003_Admin_AddNewUser&quot;&gt;
    &lt;classes&gt;
      &lt;class name=&quot;com.opensource.admin.qa.TC003_Admin_AddNewUser&quot;/&gt;
    &lt;/classes&gt;
  &lt;/test&gt; &lt;!-- TC003_Admin_AddNewUser --&gt;
  &lt;test thread-count=&quot;2&quot; parallel=&quot;tests&quot; name=&quot;TC001_Admin_SearchEmployee&quot;&gt;
    &lt;classes&gt;
      &lt;class name=&quot;com.opensource.admin.qa.TC001_Admin_SearchEmployee&quot;/&gt;
    &lt;/classes&gt;
  &lt;/test&gt; &lt;!-- TC001_Admin_SearchEmployee --&gt;
  &lt;test thread-count=&quot;2&quot; parallel=&quot;tests&quot; name=&quot;TC008_Admin_Login&quot;&gt;
    &lt;classes&gt;
      &lt;class name=&quot;com.opensource.admin.qa.TC003_Admin_AddNewUser&quot;/&gt;
    &lt;/classes&gt;
  &lt;/test&gt; &lt;!-- TC008_Admin_Login --&gt;
&lt;/suite&gt; &lt;!-- Regression_QA_Cooltesters --&gt;
            </pre>
          </div> <!-- main-panel-content rounded-window-bottom -->
        </div> <!-- panel -->
        <div panel-name="testlist-Regression_QA_Cooltesters" class="panel">
          <div class="main-panel-header rounded-window-top">
            <span class="header-content">Tests for Regression_QA_Cooltesters</span>
          </div> <!-- main-panel-header rounded-window-top -->
          <div class="main-panel-content rounded-window-bottom">
            <ul>
              <li>
                <span class="test-name">TC006_Admin_Search_Employee_POM (1 class)</span>
              </li>
              <li>
                <span class="test-name">TC003_Admin_AddNewUser (1 class)</span>
              </li>
              <li>
                <span class="test-name">TC001_Admin_SearchEmployee (1 class)</span>
              </li>
              <li>
                <span class="test-name">TC008_Admin_Login (1 class)</span>
              </li>
            </ul>
          </div> <!-- main-panel-content rounded-window-bottom -->
        </div> <!-- panel -->
        <div panel-name="group-Regression_QA_Cooltesters" class="panel">
          <div class="main-panel-header rounded-window-top">
            <span class="header-content">Groups for Regression_QA_Cooltesters</span>
          </div> <!-- main-panel-header rounded-window-top -->
          <div class="main-panel-content rounded-window-bottom">
          </div> <!-- main-panel-content rounded-window-bottom -->
        </div> <!-- panel -->
        <div panel-name="times-Regression_QA_Cooltesters" class="panel">
          <div class="main-panel-header rounded-window-top">
            <span class="header-content">Times for Regression_QA_Cooltesters</span>
          </div> <!-- main-panel-header rounded-window-top -->
          <div class="main-panel-content rounded-window-bottom">
            <div class="times-div">
              <script type="text/javascript">
suiteTableInitFunctions.push('tableData_Regression_QA_Cooltesters');
function tableData_Regression_QA_Cooltesters() {
var data = new google.visualization.DataTable();
data.addColumn('number', 'Number');
data.addColumn('string', 'Method');
data.addColumn('string', 'Class');
data.addColumn('number', 'Time (ms)');
data.addRows(4);
data.setCell(0, 0, 0)
data.setCell(0, 1, 'TC003_Admin_AddNewUser_Script')
data.setCell(0, 2, 'com.opensource.admin.qa.TC003_Admin_AddNewUser')
data.setCell(0, 3, 1874);
data.setCell(1, 0, 1)
data.setCell(1, 1, 'TC001_Admin_SearchEmployee_Script')
data.setCell(1, 2, 'com.opensource.admin.qa.TC001_Admin_SearchEmployee')
data.setCell(1, 3, 1535);
data.setCell(2, 0, 2)
data.setCell(2, 1, 'TC003_Admin_AddNewUser_Script')
data.setCell(2, 2, 'com.opensource.admin.qa.TC003_Admin_AddNewUser')
data.setCell(2, 3, 1534);
data.setCell(3, 0, 3)
data.setCell(3, 1, 'TC006_Admin_Search_Employee_POM_Script')
data.setCell(3, 2, 'com.opensource.admin.qa.TC006_Admin_Search_Employee_POM')
data.setCell(3, 3, 0);
window.suiteTableData['Regression_QA_Cooltesters']= { tableData: data, tableDiv: 'times-div-Regression_QA_Cooltesters'}
return data;
}
              </script>
              <span class="suite-total-time">Total running time: 4 seconds</span>
              <div id="times-div-Regression_QA_Cooltesters">
              </div> <!-- times-div-Regression_QA_Cooltesters -->
            </div> <!-- times-div -->
          </div> <!-- main-panel-content rounded-window-bottom -->
        </div> <!-- panel -->
        <div panel-name="reporter-Regression_QA_Cooltesters" class="panel">
          <div class="main-panel-header rounded-window-top">
            <span class="header-content">Reporter output for Regression_QA_Cooltesters</span>
          </div> <!-- main-panel-header rounded-window-top -->
          <div class="main-panel-content rounded-window-bottom">
          </div> <!-- main-panel-content rounded-window-bottom -->
        </div> <!-- panel -->
        <div panel-name="ignored-methods-Regression_QA_Cooltesters" class="panel">
          <div class="main-panel-header rounded-window-top">
            <span class="header-content">0 ignored methods</span>
          </div> <!-- main-panel-header rounded-window-top -->
          <div class="main-panel-content rounded-window-bottom">
          </div> <!-- main-panel-content rounded-window-bottom -->
        </div> <!-- panel -->
        <div panel-name="chronological-Regression_QA_Cooltesters" class="panel">
          <div class="main-panel-header rounded-window-top">
            <span class="header-content">Methods in chronological order</span>
          </div> <!-- main-panel-header rounded-window-top -->
          <div class="main-panel-content rounded-window-bottom">
            <div class="chronological-class">
              <div class="chronological-class-name">com.opensource.admin.qa.TC006_Admin_Search_Employee_POM</div> <!-- chronological-class-name -->
              <div class="test-method">
                <span class="method-name">TC006_Admin_Search_Employee_POM_Script</span>
                <span class="method-start">0 ms</span>
              </div> <!-- test-method -->
            </div> <!-- chronological-class -->
            <div class="chronological-class">
              <div class="chronological-class-name">com.opensource.admin.qa.TC003_Admin_AddNewUser</div> <!-- chronological-class-name -->
              <div class="configuration-test before">
                <span class="method-name">beforeTest</span>
                <span class="method-start">0 ms</span>
              </div> <!-- configuration-test before -->
            </div> <!-- chronological-class -->
            <div class="chronological-class">
              <div class="chronological-class-name">com.opensource.admin.qa.TC006_Admin_Search_Employee_POM</div> <!-- chronological-class-name -->
              <div class="configuration-test before">
                <img src="failed.png">
                </img>
                <span class="method-name">beforeTest</span>
                <span class="method-start">0 ms</span>
              </div> <!-- configuration-test before -->
            </div> <!-- chronological-class -->
            <div class="chronological-class">
              <div class="chronological-class-name">com.opensource.admin.qa.TC003_Admin_AddNewUser</div> <!-- chronological-class-name -->
              <div class="test-method">
                <img src="failed.png">
                </img>
                <span class="method-name">TC003_Admin_AddNewUser_Script</span>
                <span class="method-start">20 ms</span>
              </div> <!-- test-method -->
              <div class="configuration-test after">
                <span class="method-name">afterTest</span>
                <span class="method-start">1898 ms</span>
              </div> <!-- configuration-test after -->
            </div> <!-- chronological-class -->
            <div class="chronological-class">
              <div class="chronological-class-name">com.opensource.admin.qa.TC001_Admin_SearchEmployee</div> <!-- chronological-class-name -->
              <div class="configuration-test before">
                <span class="method-name">beforeTest</span>
                <span class="method-start">1970 ms</span>
              </div> <!-- configuration-test before -->
            </div> <!-- chronological-class -->
            <div class="chronological-class">
              <div class="chronological-class-name">com.opensource.admin.qa.TC003_Admin_AddNewUser</div> <!-- chronological-class-name -->
              <div class="configuration-test before">
                <span class="method-name">beforeTest</span>
                <span class="method-start">1970 ms</span>
              </div> <!-- configuration-test before -->
            </div> <!-- chronological-class -->
            <div class="chronological-class">
              <div class="chronological-class-name">com.opensource.admin.qa.TC001_Admin_SearchEmployee</div> <!-- chronological-class-name -->
              <div class="test-method">
                <img src="failed.png">
                </img>
                <span class="method-name">TC001_Admin_SearchEmployee_Script</span>
                <span class="method-start">1970 ms</span>
              </div> <!-- test-method -->
            </div> <!-- chronological-class -->
            <div class="chronological-class">
              <div class="chronological-class-name">com.opensource.admin.qa.TC003_Admin_AddNewUser</div> <!-- chronological-class-name -->
              <div class="test-method">
                <img src="failed.png">
                </img>
                <span class="method-name">TC003_Admin_AddNewUser_Script</span>
                <span class="method-start">1971 ms</span>
              </div> <!-- test-method -->
              <div class="configuration-test after">
                <span class="method-name">afterTest</span>
                <span class="method-start">3507 ms</span>
              </div> <!-- configuration-test after -->
            </div> <!-- chronological-class -->
            <div class="chronological-class">
              <div class="chronological-class-name">com.opensource.admin.qa.TC001_Admin_SearchEmployee</div> <!-- chronological-class-name -->
              <div class="configuration-test after">
                <span class="method-name">afterTest</span>
                <span class="method-start">3508 ms</span>
              </div> <!-- configuration-test after -->
          </div> <!-- main-panel-content rounded-window-bottom -->
        </div> <!-- panel -->
      </div> <!-- main-panel-root -->
    </div> <!-- wrapper -->
  </body>
</html>
